<?xml version="1.0" encoding="UTF-8"?>
<!-- Generated by org.testng.reporters.JUnitReportReporter -->
<testsuite hostname="DESKTOP-DUPTFG5" failures="0" tests="2" name="danish.tests.ErrorValidation" time="107.563" errors="0" timestamp="2024-11-25T22:01:26 IST" skipped="0">
  <testcase classname="danish.tests.ErrorValidation" name="loginErrorValidation" time="50.395"/>
  <testcase classname="danish.tests.ErrorValidation" name="productErrorValidation" time="57.168"/>
</testsuite> <!-- danish.tests.ErrorValidation -->
